0000              1   ;--------------------------------------------------------
0000              2   ; File Created by C51
0000              3   ; Version 1.0.0 #1170 (Feb 16 2022) (MSVC)
0000              4   ; This file was generated Wed Mar 06 20:51:50 2024
0000              5   ;--------------------------------------------------------
                  5   $name zero_cross_detection
                  6   $optc51 --model-small
                  7   $printf_float
0000              9            R_DSEG    segment data
0000             10            R_CSEG    segment code
0000             11            R_BSEG    segment bit
0000             12            R_XSEG    segment xdata
0000             13            R_PSEG    segment xdata
0000             14            R_ISEG    segment idata
0000             15            R_OSEG    segment data overlay
0000             16            BIT_BANK  segment data overlay
0000             17            R_HOME    segment code
0000             18            R_GSINIT  segment code
0000             19            R_IXSEG   segment xdata
0000             20            R_CONST   segment code
0000             21            R_XINIT   segment code
0000             22            R_DINIT   segment code
0000             23   
0000             24   ;--------------------------------------------------------
0000             25   ; Public variables in this module
0000             26   ;--------------------------------------------------------
0000             27            public _InitPinADC_PARM_2
0000             28            public _main
0000             29            public _TIMER0_Init
0000             30            public _Volts_at_Pin
0000             31            public _ADC_at_Pin
0000             32            public _InitPinADC
0000             33            public _waitms
0000             34            public _Timer3us
0000             35            public _InitADC
0000             36            public __c51_external_startup
0000             37            public _v2
0000             38            public _v1
0000             39            public _v2_max
0000             40            public _v1_max
0000             41            public _overflow_count
0000             42   ;--------------------------------------------------------
0000             43   ; Special Function Registers
0000             44   ;--------------------------------------------------------
0000             45   _ACC            DATA 0xe0
0000             46   _ADC0ASAH       DATA 0xb6
0000             47   _ADC0ASAL       DATA 0xb5
0000             48   _ADC0ASCF       DATA 0xa1
0000             49   _ADC0ASCT       DATA 0xc7
0000             50   _ADC0CF0        DATA 0xbc
0000             51   _ADC0CF1        DATA 0xb9
0000             52   _ADC0CF2        DATA 0xdf
0000             53   _ADC0CN0        DATA 0xe8
0000             54   _ADC0CN1        DATA 0xb2
0000             55   _ADC0CN2        DATA 0xb3
0000             56   _ADC0GTH        DATA 0xc4
0000             57   _ADC0GTL        DATA 0xc3
0000             58   _ADC0H          DATA 0xbe
0000             59   _ADC0L          DATA 0xbd
0000             60   _ADC0LTH        DATA 0xc6
0000             61   _ADC0LTL        DATA 0xc5
0000             62   _ADC0MX         DATA 0xbb
0000             63   _B              DATA 0xf0
0000             64   _CKCON0         DATA 0x8e
0000             65   _CKCON1         DATA 0xa6
0000             66   _CLEN0          DATA 0xc6
0000             67   _CLIE0          DATA 0xc7
0000             68   _CLIF0          DATA 0xe8
0000             69   _CLKSEL         DATA 0xa9
0000             70   _CLOUT0         DATA 0xd1
0000             71   _CLU0CF         DATA 0xb1
0000             72   _CLU0FN         DATA 0xaf
0000             73   _CLU0MX         DATA 0x84
0000             74   _CLU1CF         DATA 0xb3
0000             75   _CLU1FN         DATA 0xb2
0000             76   _CLU1MX         DATA 0x85
0000             77   _CLU2CF         DATA 0xb6
0000             78   _CLU2FN         DATA 0xb5
0000             79   _CLU2MX         DATA 0x91
0000             80   _CLU3CF         DATA 0xbf
0000             81   _CLU3FN         DATA 0xbe
0000             82   _CLU3MX         DATA 0xae
0000             83   _CMP0CN0        DATA 0x9b
0000             84   _CMP0CN1        DATA 0x99
0000             85   _CMP0MD         DATA 0x9d
0000             86   _CMP0MX         DATA 0x9f
0000             87   _CMP1CN0        DATA 0xbf
0000             88   _CMP1CN1        DATA 0xac
0000             89   _CMP1MD         DATA 0xab
0000             90   _CMP1MX         DATA 0xaa
0000             91   _CRC0CN0        DATA 0xce
0000             92   _CRC0CN1        DATA 0x86
0000             93   _CRC0CNT        DATA 0xd3
0000             94   _CRC0DAT        DATA 0xcb
0000             95   _CRC0FLIP       DATA 0xcf
0000             96   _CRC0IN         DATA 0xca
0000             97   _CRC0ST         DATA 0xd2
0000             98   _DAC0CF0        DATA 0x91
0000             99   _DAC0CF1        DATA 0x92
0000            100   _DAC0H          DATA 0x85
0000            101   _DAC0L          DATA 0x84
0000            102   _DAC1CF0        DATA 0x93
0000            103   _DAC1CF1        DATA 0x94
0000            104   _DAC1H          DATA 0x8a
0000            105   _DAC1L          DATA 0x89
0000            106   _DAC2CF0        DATA 0x95
0000            107   _DAC2CF1        DATA 0x96
0000            108   _DAC2H          DATA 0x8c
0000            109   _DAC2L          DATA 0x8b
0000            110   _DAC3CF0        DATA 0x9a
0000            111   _DAC3CF1        DATA 0x9c
0000            112   _DAC3H          DATA 0x8e
0000            113   _DAC3L          DATA 0x8d
0000            114   _DACGCF0        DATA 0x88
0000            115   _DACGCF1        DATA 0x98
0000            116   _DACGCF2        DATA 0xa2
0000            117   _DERIVID        DATA 0xad
0000            118   _DEVICEID       DATA 0xb5
0000            119   _DPH            DATA 0x83
0000            120   _DPL            DATA 0x82
0000            121   _EIE1           DATA 0xe6
0000            122   _EIE2           DATA 0xf3
0000            123   _EIP1           DATA 0xbb
0000            124   _EIP1H          DATA 0xee
0000            125   _EIP2           DATA 0xed
0000            126   _EIP2H          DATA 0xf6
0000            127   _EMI0CN         DATA 0xe7
0000            128   _FLKEY          DATA 0xb7
0000            129   _HFO0CAL        DATA 0xc7
0000            130   _HFO1CAL        DATA 0xd6
0000            131   _HFOCN          DATA 0xef
0000            132   _I2C0ADM        DATA 0xff
0000            133   _I2C0CN0        DATA 0xba
0000            134   _I2C0DIN        DATA 0xbc
0000            135   _I2C0DOUT       DATA 0xbb
0000            136   _I2C0FCN0       DATA 0xad
0000            137   _I2C0FCN1       DATA 0xab
0000            138   _I2C0FCT        DATA 0xf5
0000            139   _I2C0SLAD       DATA 0xbd
0000            140   _I2C0STAT       DATA 0xb9
0000            141   _IE             DATA 0xa8
0000            142   _IP             DATA 0xb8
0000            143   _IPH            DATA 0xf2
0000            144   _IT01CF         DATA 0xe4
0000            145   _LFO0CN         DATA 0xb1
0000            146   _P0             DATA 0x80
0000            147   _P0MASK         DATA 0xfe
0000            148   _P0MAT          DATA 0xfd
0000            149   _P0MDIN         DATA 0xf1
0000            150   _P0MDOUT        DATA 0xa4
0000            151   _P0SKIP         DATA 0xd4
0000            152   _P1             DATA 0x90
0000            153   _P1MASK         DATA 0xee
0000            154   _P1MAT          DATA 0xed
0000            155   _P1MDIN         DATA 0xf2
0000            156   _P1MDOUT        DATA 0xa5
0000            157   _P1SKIP         DATA 0xd5
0000            158   _P2             DATA 0xa0
0000            159   _P2MASK         DATA 0xfc
0000            160   _P2MAT          DATA 0xfb
0000            161   _P2MDIN         DATA 0xf3
0000            162   _P2MDOUT        DATA 0xa6
0000            163   _P2SKIP         DATA 0xcc
0000            164   _P3             DATA 0xb0
0000            165   _P3MDIN         DATA 0xf4
0000            166   _P3MDOUT        DATA 0x9c
0000            167   _PCA0CENT       DATA 0x9e
0000            168   _PCA0CLR        DATA 0x9c
0000            169   _PCA0CN0        DATA 0xd8
0000            170   _PCA0CPH0       DATA 0xfc
0000            171   _PCA0CPH1       DATA 0xea
0000            172   _PCA0CPH2       DATA 0xec
0000            173   _PCA0CPH3       DATA 0xf5
0000            174   _PCA0CPH4       DATA 0x85
0000            175   _PCA0CPH5       DATA 0xde
0000            176   _PCA0CPL0       DATA 0xfb
0000            177   _PCA0CPL1       DATA 0xe9
0000            178   _PCA0CPL2       DATA 0xeb
0000            179   _PCA0CPL3       DATA 0xf4
0000            180   _PCA0CPL4       DATA 0x84
0000            181   _PCA0CPL5       DATA 0xdd
0000            182   _PCA0CPM0       DATA 0xda
0000            183   _PCA0CPM1       DATA 0xdb
0000            184   _PCA0CPM2       DATA 0xdc
0000            185   _PCA0CPM3       DATA 0xae
0000            186   _PCA0CPM4       DATA 0xaf
0000            187   _PCA0CPM5       DATA 0xcc
0000            188   _PCA0H          DATA 0xfa
0000            189   _PCA0L          DATA 0xf9
0000            190   _PCA0MD         DATA 0xd9
0000            191   _PCA0POL        DATA 0x96
0000            192   _PCA0PWM        DATA 0xf7
0000            193   _PCON0          DATA 0x87
0000            194   _PCON1          DATA 0xcd
0000            195   _PFE0CN         DATA 0xc1
0000            196   _PRTDRV         DATA 0xf6
0000            197   _PSCTL          DATA 0x8f
0000            198   _PSTAT0         DATA 0xaa
0000            199   _PSW            DATA 0xd0
0000            200   _REF0CN         DATA 0xd1
0000            201   _REG0CN         DATA 0xc9
0000            202   _REVID          DATA 0xb6
0000            203   _RSTSRC         DATA 0xef
0000            204   _SBCON1         DATA 0x94
0000            205   _SBRLH1         DATA 0x96
0000            206   _SBRLL1         DATA 0x95
0000            207   _SBUF           DATA 0x99
0000            208   _SBUF0          DATA 0x99
0000            209   _SBUF1          DATA 0x92
0000            210   _SCON           DATA 0x98
0000            211   _SCON0          DATA 0x98
0000            212   _SCON1          DATA 0xc8
0000            213   _SFRPAGE        DATA 0xa7
0000            214   _SFRPGCN        DATA 0xbc
0000            215   _SFRSTACK       DATA 0xd7
0000            216   _SMB0ADM        DATA 0xd6
0000            217   _SMB0ADR        DATA 0xd7
0000            218   _SMB0CF         DATA 0xc1
0000            219   _SMB0CN0        DATA 0xc0
0000            220   _SMB0DAT        DATA 0xc2
0000            221   _SMB0FCN0       DATA 0xc3
0000            222   _SMB0FCN1       DATA 0xc4
0000            223   _SMB0FCT        DATA 0xef
0000            224   _SMB0RXLN       DATA 0xc5
0000            225   _SMB0TC         DATA 0xac
0000            226   _SMOD1          DATA 0x93
0000            227   _SP             DATA 0x81
0000            228   _SPI0CFG        DATA 0xa1
0000            229   _SPI0CKR        DATA 0xa2
0000            230   _SPI0CN0        DATA 0xf8
0000            231   _SPI0DAT        DATA 0xa3
0000            232   _SPI0FCN0       DATA 0x9a
0000            233   _SPI0FCN1       DATA 0x9b
0000            234   _SPI0FCT        DATA 0xf7
0000            235   _SPI0PCF        DATA 0xdf
0000            236   _TCON           DATA 0x88
0000            237   _TH0            DATA 0x8c
0000            238   _TH1            DATA 0x8d
0000            239   _TL0            DATA 0x8a
0000            240   _TL1            DATA 0x8b
0000            241   _TMOD           DATA 0x89
0000            242   _TMR2CN0        DATA 0xc8
0000            243   _TMR2CN1        DATA 0xfd
0000            244   _TMR2H          DATA 0xcf
0000            245   _TMR2L          DATA 0xce
0000            246   _TMR2RLH        DATA 0xcb
0000            247   _TMR2RLL        DATA 0xca
0000            248   _TMR3CN0        DATA 0x91
0000            249   _TMR3CN1        DATA 0xfe
0000            250   _TMR3H          DATA 0x95
0000            251   _TMR3L          DATA 0x94
0000            252   _TMR3RLH        DATA 0x93
0000            253   _TMR3RLL        DATA 0x92
0000            254   _TMR4CN0        DATA 0x98
0000            255   _TMR4CN1        DATA 0xff
0000            256   _TMR4H          DATA 0xa5
0000            257   _TMR4L          DATA 0xa4
0000            258   _TMR4RLH        DATA 0xa3
0000            259   _TMR4RLL        DATA 0xa2
0000            260   _TMR5CN0        DATA 0xc0
0000            261   _TMR5CN1        DATA 0xf1
0000            262   _TMR5H          DATA 0xd5
0000            263   _TMR5L          DATA 0xd4
0000            264   _TMR5RLH        DATA 0xd3
0000            265   _TMR5RLL        DATA 0xd2
0000            266   _UART0PCF       DATA 0xd9
0000            267   _UART1FCN0      DATA 0x9d
0000            268   _UART1FCN1      DATA 0xd8
0000            269   _UART1FCT       DATA 0xfa
0000            270   _UART1LIN       DATA 0x9e
0000            271   _UART1PCF       DATA 0xda
0000            272   _VDM0CN         DATA 0xff
0000            273   _WDTCN          DATA 0x97
0000            274   _XBR0           DATA 0xe1
0000            275   _XBR1           DATA 0xe2
0000            276   _XBR2           DATA 0xe3
0000            277   _XOSC0CN        DATA 0x86
0000            278   _DPTR           DATA 0x8382
0000            279   _TMR2RL         DATA 0xcbca
0000            280   _TMR3RL         DATA 0x9392
0000            281   _TMR4RL         DATA 0xa3a2
0000            282   _TMR5RL         DATA 0xd3d2
0000            283   _TMR0           DATA 0x8c8a
0000            284   _TMR1           DATA 0x8d8b
0000            285   _TMR2           DATA 0xcfce
0000            286   _TMR3           DATA 0x9594
0000            287   _TMR4           DATA 0xa5a4
0000            288   _TMR5           DATA 0xd5d4
0000            289   _SBRL1          DATA 0x9695
0000            290   _PCA0           DATA 0xfaf9
0000            291   _PCA0CP0        DATA 0xfcfb
0000            292   _PCA0CP1        DATA 0xeae9
0000            293   _PCA0CP2        DATA 0xeceb
0000            294   _PCA0CP3        DATA 0xf5f4
0000            295   _PCA0CP4        DATA 0x8584
0000            296   _PCA0CP5        DATA 0xdedd
0000            297   _ADC0ASA        DATA 0xb6b5
0000            298   _ADC0GT         DATA 0xc4c3
0000            299   _ADC0           DATA 0xbebd
0000            300   _ADC0LT         DATA 0xc6c5
0000            301   _DAC0           DATA 0x8584
0000            302   _DAC1           DATA 0x8a89
0000            303   _DAC2           DATA 0x8c8b
0000            304   _DAC3           DATA 0x8e8d
0000            305   ;--------------------------------------------------------
0000            306   ; special function bits
0000            307   ;--------------------------------------------------------
0000            308   _ACC_0          BIT 0xe0
0000            309   _ACC_1          BIT 0xe1
0000            310   _ACC_2          BIT 0xe2
0000            311   _ACC_3          BIT 0xe3
0000            312   _ACC_4          BIT 0xe4
0000            313   _ACC_5          BIT 0xe5
0000            314   _ACC_6          BIT 0xe6
0000            315   _ACC_7          BIT 0xe7
0000            316   _TEMPE          BIT 0xe8
0000            317   _ADGN0          BIT 0xe9
0000            318   _ADGN1          BIT 0xea
0000            319   _ADWINT         BIT 0xeb
0000            320   _ADBUSY         BIT 0xec
0000            321   _ADINT          BIT 0xed
0000            322   _IPOEN          BIT 0xee
0000            323   _ADEN           BIT 0xef
0000            324   _B_0            BIT 0xf0
0000            325   _B_1            BIT 0xf1
0000            326   _B_2            BIT 0xf2
0000            327   _B_3            BIT 0xf3
0000            328   _B_4            BIT 0xf4
0000            329   _B_5            BIT 0xf5
0000            330   _B_6            BIT 0xf6
0000            331   _B_7            BIT 0xf7
0000            332   _C0FIF          BIT 0xe8
0000            333   _C0RIF          BIT 0xe9
0000            334   _C1FIF          BIT 0xea
0000            335   _C1RIF          BIT 0xeb
0000            336   _C2FIF          BIT 0xec
0000            337   _C2RIF          BIT 0xed
0000            338   _C3FIF          BIT 0xee
0000            339   _C3RIF          BIT 0xef
0000            340   _D1SRC0         BIT 0x88
0000            341   _D1SRC1         BIT 0x89
0000            342   _D1AMEN         BIT 0x8a
0000            343   _D01REFSL       BIT 0x8b
0000            344   _D3SRC0         BIT 0x8c
0000            345   _D3SRC1         BIT 0x8d
0000            346   _D3AMEN         BIT 0x8e
0000            347   _D23REFSL       BIT 0x8f
0000            348   _D0UDIS         BIT 0x98
0000            349   _D1UDIS         BIT 0x99
0000            350   _D2UDIS         BIT 0x9a
0000            351   _D3UDIS         BIT 0x9b
0000            352   _EX0            BIT 0xa8
0000            353   _ET0            BIT 0xa9
0000            354   _EX1            BIT 0xaa
0000            355   _ET1            BIT 0xab
0000            356   _ES0            BIT 0xac
0000            357   _ET2            BIT 0xad
0000            358   _ESPI0          BIT 0xae
0000            359   _EA             BIT 0xaf
0000            360   _PX0            BIT 0xb8
0000            361   _PT0            BIT 0xb9
0000            362   _PX1            BIT 0xba
0000            363   _PT1            BIT 0xbb
0000            364   _PS0            BIT 0xbc
0000            365   _PT2            BIT 0xbd
0000            366   _PSPI0          BIT 0xbe
0000            367   _P0_0           BIT 0x80
0000            368   _P0_1           BIT 0x81
0000            369   _P0_2           BIT 0x82
0000            370   _P0_3           BIT 0x83
0000            371   _P0_4           BIT 0x84
0000            372   _P0_5           BIT 0x85
0000            373   _P0_6           BIT 0x86
0000            374   _P0_7           BIT 0x87
0000            375   _P1_0           BIT 0x90
0000            376   _P1_1           BIT 0x91
0000            377   _P1_2           BIT 0x92
0000            378   _P1_3           BIT 0x93
0000            379   _P1_4           BIT 0x94
0000            380   _P1_5           BIT 0x95
0000            381   _P1_6           BIT 0x96
0000            382   _P1_7           BIT 0x97
0000            383   _P2_0           BIT 0xa0
0000            384   _P2_1           BIT 0xa1
0000            385   _P2_2           BIT 0xa2
0000            386   _P2_3           BIT 0xa3
0000            387   _P2_4           BIT 0xa4
0000            388   _P2_5           BIT 0xa5
0000            389   _P2_6           BIT 0xa6
0000            390   _P3_0           BIT 0xb0
0000            391   _P3_1           BIT 0xb1
0000            392   _P3_2           BIT 0xb2
0000            393   _P3_3           BIT 0xb3
0000            394   _P3_4           BIT 0xb4
0000            395   _P3_7           BIT 0xb7
0000            396   _CCF0           BIT 0xd8
0000            397   _CCF1           BIT 0xd9
0000            398   _CCF2           BIT 0xda
0000            399   _CCF3           BIT 0xdb
0000            400   _CCF4           BIT 0xdc
0000            401   _CCF5           BIT 0xdd
0000            402   _CR             BIT 0xde
0000            403   _CF             BIT 0xdf
0000            404   _PARITY         BIT 0xd0
0000            405   _F1             BIT 0xd1
0000            406   _OV             BIT 0xd2
0000            407   _RS0            BIT 0xd3
0000            408   _RS1            BIT 0xd4
0000            409   _F0             BIT 0xd5
0000            410   _AC             BIT 0xd6
0000            411   _CY             BIT 0xd7
0000            412   _RI             BIT 0x98
0000            413   _TI             BIT 0x99
0000            414   _RB8            BIT 0x9a
0000            415   _TB8            BIT 0x9b
0000            416   _REN            BIT 0x9c
0000            417   _CE             BIT 0x9d
0000            418   _SMODE          BIT 0x9e
0000            419   _RI1            BIT 0xc8
0000            420   _TI1            BIT 0xc9
0000            421   _RBX1           BIT 0xca
0000            422   _TBX1           BIT 0xcb
0000            423   _REN1           BIT 0xcc
0000            424   _PERR1          BIT 0xcd
0000            425   _OVR1           BIT 0xce
0000            426   _SI             BIT 0xc0
0000            427   _ACK            BIT 0xc1
0000            428   _ARBLOST        BIT 0xc2
0000            429   _ACKRQ          BIT 0xc3
0000            430   _STO            BIT 0xc4
0000            431   _STA            BIT 0xc5
0000            432   _TXMODE         BIT 0xc6
0000            433   _MASTER         BIT 0xc7
0000            434   _SPIEN          BIT 0xf8
0000            435   _TXNF           BIT 0xf9
0000            436   _NSSMD0         BIT 0xfa
0000            437   _NSSMD1         BIT 0xfb
0000            438   _RXOVRN         BIT 0xfc
0000            439   _MODF           BIT 0xfd
0000            440   _WCOL           BIT 0xfe
0000            441   _SPIF           BIT 0xff
0000            442   _IT0            BIT 0x88
0000            443   _IE0            BIT 0x89
0000            444   _IT1            BIT 0x8a
0000            445   _IE1            BIT 0x8b
0000            446   _TR0            BIT 0x8c
0000            447   _TF0            BIT 0x8d
0000            448   _TR1            BIT 0x8e
0000            449   _TF1            BIT 0x8f
0000            450   _T2XCLK0        BIT 0xc8
0000            451   _T2XCLK1        BIT 0xc9
0000            452   _TR2            BIT 0xca
0000            453   _T2SPLIT        BIT 0xcb
0000            454   _TF2CEN         BIT 0xcc
0000            455   _TF2LEN         BIT 0xcd
0000            456   _TF2L           BIT 0xce
0000            457   _TF2H           BIT 0xcf
0000            458   _T4XCLK0        BIT 0x98
0000            459   _T4XCLK1        BIT 0x99
0000            460   _TR4            BIT 0x9a
0000            461   _T4SPLIT        BIT 0x9b
0000            462   _TF4CEN         BIT 0x9c
0000            463   _TF4LEN         BIT 0x9d
0000            464   _TF4L           BIT 0x9e
0000            465   _TF4H           BIT 0x9f
0000            466   _T5XCLK0        BIT 0xc0
0000            467   _T5XCLK1        BIT 0xc1
0000            468   _TR5            BIT 0xc2
0000            469   _T5SPLIT        BIT 0xc3
0000            470   _TF5CEN         BIT 0xc4
0000            471   _TF5LEN         BIT 0xc5
0000            472   _TF5L           BIT 0xc6
0000            473   _TF5H           BIT 0xc7
0000            474   _RIE            BIT 0xd8
0000            475   _RXTO0          BIT 0xd9
0000            476   _RXTO1          BIT 0xda
0000            477   _RFRQ           BIT 0xdb
0000            478   _TIE            BIT 0xdc
0000            479   _TXHOLD         BIT 0xdd
0000            480   _TXNF1          BIT 0xde
0000            481   _TFRQ           BIT 0xdf
0000            482   ;--------------------------------------------------------
0000            483   ; overlayable register banks
0000            484   ;--------------------------------------------------------
0000            485            rbank0 segment data overlay
0000            486   ;--------------------------------------------------------
0000            487   ; internal ram data
0000            488   ;--------------------------------------------------------
0000            489            rseg R_DSEG
0000            490   _overflow_count:
0000            491            ds 1
0001            492   _v1_max:
0001            493            ds 4
0005            494   _v2_max:
0005            495            ds 4
0009            496   _v1:
0009            497            ds 4
000D            498   _v2:
000D            499            ds 4
0011            500   ;--------------------------------------------------------
0011            501   ; overlayable items in internal ram 
0011            502   ;--------------------------------------------------------
0000            503            rseg    R_OSEG
0000            504            rseg    R_OSEG
0000            505   _InitPinADC_PARM_2:
0000            506            ds 1
0001            507            rseg    R_OSEG
0001            508   ;--------------------------------------------------------
0001            509   ; indirectly addressable internal ram data
0001            510   ;--------------------------------------------------------
0000            511            rseg R_ISEG
0000            512   ;--------------------------------------------------------
0000            513   ; absolute internal ram data
0000            514   ;--------------------------------------------------------
0000            515            DSEG
0000            516   ;--------------------------------------------------------
0000            517   ; bit data
0000            518   ;--------------------------------------------------------
0000            519            rseg R_BSEG
0000            520   ;--------------------------------------------------------
0000            521   ; paged external ram data
0000            522   ;--------------------------------------------------------
0000            523            rseg R_PSEG
0000            524   ;--------------------------------------------------------
0000            525   ; external ram data
0000            526   ;--------------------------------------------------------
0000            527            rseg R_XSEG
0000            528   ;--------------------------------------------------------
0000            529   ; absolute external ram data
0000            530   ;--------------------------------------------------------
0000            531            XSEG
0000            532   ;--------------------------------------------------------
0000            533   ; external initialized ram data
0000            534   ;--------------------------------------------------------
0000            535            rseg R_IXSEG
0000            536            rseg R_HOME
0000            537            rseg R_GSINIT
0000            538            rseg R_CSEG
0000            539   ;--------------------------------------------------------
0000            540   ; Reset entry point and interrupt vectors
0000            541   ;--------------------------------------------------------
0000            542            CSEG at 0x0000
0000 020000     543            ljmp    _crt0
0003            544   ;--------------------------------------------------------
0003            545   ; global & static initialisations
0003            546   ;--------------------------------------------------------
0000            547            rseg R_HOME
0000            548            rseg R_GSINIT
0000            549            rseg R_GSINIT
0000            550   ;--------------------------------------------------------
0000            551   ; data variables initialization
0000            552   ;--------------------------------------------------------
0000            553            rseg R_DINIT
0000            554   ;        C:\Users\ethan\OneDrive - UBC\Desktop\Lab5\zero cross detection.c:13: float v1_max = 0; float v2_max = 0;
0000 758000     555            mov     _v1_max,#0x00
0003 758100     556            mov     (_v1_max + 1),#0x00
0006 758200     557            mov     (_v1_max + 2),#0x00
0009 758300     558            mov     (_v1_max + 3),#0x00
000C            559   ;        C:\Users\ethan\OneDrive - UBC\Desktop\Lab5\zero cross detection.c:13: float v1 = 0; float v2 = 0;
000C 754000     560            mov     _v2_max,#0x00
000F 754100     561            mov     (_v2_max + 1),#0x00
0012 754200     562            mov     (_v2_max + 2),#0x00
0015 754300     563            mov     (_v2_max + 3),#0x00
0018            564   ;        C:\Users\ethan\OneDrive - UBC\Desktop\Lab5\zero cross detection.c:14: 
0018 750000     565            mov     _v1,#0x00
001B 750100     566            mov     (_v1 + 1),#0x00
001E 750200     567            mov     (_v1 + 2),#0x00
0021 750300     568            mov     (_v1 + 3),#0x00
0024            569   ;        C:\Users\ethan\OneDrive - UBC\Desktop\Lab5\zero cross detection.c:14: float v1 = 0; float v2 = 0;
0024 75C000     570            mov     _v2,#0x00
0027 75C100     571            mov     (_v2 + 1),#0x00
002A 75C200     572            mov     (_v2 + 2),#0x00
002D 75C300     573            mov     (_v2 + 3),#0x00
0030            574            ; The linker places a 'ret' at the end of segment R_DINIT.
0030            575   ;--------------------------------------------------------
0030            576   ; code
0030            577   ;--------------------------------------------------------
0000            578            rseg R_CSEG
0000            579   ;------------------------------------------------------------
0000            580   ;Allocation info for local variables in function '_c51_external_startup'
0000            581   ;------------------------------------------------------------
0000            582   ;------------------------------------------------------------
0000            583   ;        C:\Users\ethan\OneDrive - UBC\Desktop\Lab5\zero cross detection.c:16: char _c51_external_startup (void)
0000            584   ;        -----------------------------------------
0000            585   ;         function _c51_external_startup
0000            586   ;        -----------------------------------------
0000            587   __c51_external_startup:
0000            588            using   0
0000            589   ;        C:\Users\ethan\OneDrive - UBC\Desktop\Lab5\zero cross detection.c:19: SFRPAGE = 0x00;
0000 75A700     590            mov     _SFRPAGE,#0x00
0003            591   ;        C:\Users\ethan\OneDrive - UBC\Desktop\Lab5\zero cross detection.c:20: WDTCN = 0xDE; //First key
0003 7597DE     592            mov     _WDTCN,#0xDE
0006            593   ;        C:\Users\ethan\OneDrive - UBC\Desktop\Lab5\zero cross detection.c:21: WDTCN = 0xAD; //Second key
0006 7597AD     594            mov     _WDTCN,#0xAD
0009            595   ;        C:\Users\ethan\OneDrive - UBC\Desktop\Lab5\zero cross detection.c:23: VDM0CN=0x80;       // enable VDD monitor
0009 75FF80     596            mov     _VDM0CN,#0x80
000C            597   ;        C:\Users\ethan\OneDrive - UBC\Desktop\Lab5\zero cross detection.c:24: RSTSRC=0x02|0x04;  // Enable reset on missing clock detector and VDD
000C 75EF06     598            mov     _RSTSRC,#0x06
000F            599   ;        C:\Users\ethan\OneDrive - UBC\Desktop\Lab5\zero cross detection.c:31: SFRPAGE = 0x10;
000F 75A710     600            mov     _SFRPAGE,#0x10
0012            601   ;        C:\Users\ethan\OneDrive - UBC\Desktop\Lab5\zero cross detection.c:32: PFE0CN  = 0x20; // SYSCLK < 75 MHz.
0012 75C120     602            mov     _PFE0CN,#0x20
0015            603   ;        C:\Users\ethan\OneDrive - UBC\Desktop\Lab5\zero cross detection.c:33: SFRPAGE = 0x00;
0015 75A700     604            mov     _SFRPAGE,#0x00
0018            605   ;        C:\Users\ethan\OneDrive - UBC\Desktop\Lab5\zero cross detection.c:54: CLKSEL = 0x00;
0018 75A900     606            mov     _CLKSEL,#0x00
001B            607   ;        C:\Users\ethan\OneDrive - UBC\Desktop\Lab5\zero cross detection.c:55: CLKSEL = 0x00;
001B 75A900     608            mov     _CLKSEL,#0x00
001E            609   ;        C:\Users\ethan\OneDrive - UBC\Desktop\Lab5\zero cross detection.c:56: while ((CLKSEL & 0x80) == 0);
001E            610   L002001?:
001E E5A9       611            mov     a,_CLKSEL
0020 30E788     612            jnb     acc.7,L002001?
0023            613   ;        C:\Users\ethan\OneDrive - UBC\Desktop\Lab5\zero cross detection.c:57: CLKSEL = 0x03;
0023 75A903     614            mov     _CLKSEL,#0x03
0026            615   ;        C:\Users\ethan\OneDrive - UBC\Desktop\Lab5\zero cross detection.c:58: CLKSEL = 0x03;
0026 75A903     616            mov     _CLKSEL,#0x03
0029            617   ;        C:\Users\ethan\OneDrive - UBC\Desktop\Lab5\zero cross detection.c:59: while ((CLKSEL & 0x80) == 0);
0029            618   L002004?:
0029 E5A9       619            mov     a,_CLKSEL
002B 30E708     620            jnb     acc.7,L002004?
002E            621   ;        C:\Users\ethan\OneDrive - UBC\Desktop\Lab5\zero cross detection.c:64: P0MDOUT |= 0x10; // Enable UART0 TX as push-pull output
002E 43A410     622            orl     _P0MDOUT,#0x10
0031            623   ;        C:\Users\ethan\OneDrive - UBC\Desktop\Lab5\zero cross detection.c:65: XBR0     = 0x01; // Enable UART0 on P0.4(TX) and P0.5(RX)                     
0031 75E101     624            mov     _XBR0,#0x01
0034            625   ;        C:\Users\ethan\OneDrive - UBC\Desktop\Lab5\zero cross detection.c:66: XBR1     = 0X00;
0034 75E200     626            mov     _XBR1,#0x00
0037            627   ;        C:\Users\ethan\OneDrive - UBC\Desktop\Lab5\zero cross detection.c:67: XBR2     = 0x40; // Enable crossbar and weak pull-ups
0037 75E340     628            mov     _XBR2,#0x40
003A            629   ;        C:\Users\ethan\OneDrive - UBC\Desktop\Lab5\zero cross detection.c:73: SCON0 = 0x10;
003A 759810     630            mov     _SCON0,#0x10
003D            631   ;        C:\Users\ethan\OneDrive - UBC\Desktop\Lab5\zero cross detection.c:74: TH1 = 0x100-((SYSCLK/BAUDRATE)/(2L*12L));
003D 758DE6     632            mov     _TH1,#0xE6
0040            633   ;        C:\Users\ethan\OneDrive - UBC\Desktop\Lab5\zero cross detection.c:75: TL1 = TH1;      // Init Timer1
0040 858D8B     634            mov     _TL1,_TH1
0043            635   ;        C:\Users\ethan\OneDrive - UBC\Desktop\Lab5\zero cross detection.c:76: TMOD &= ~0xf0;  // TMOD: timer 1 in 8-bit auto-reload
0043 53890F     636            anl     _TMOD,#0x0F
0046            637   ;        C:\Users\ethan\OneDrive - UBC\Desktop\Lab5\zero cross detection.c:77: TMOD |=  0x20;                       
0046 438920     638            orl     _TMOD,#0x20
0049            639   ;        C:\Users\ethan\OneDrive - UBC\Desktop\Lab5\zero cross detection.c:78: TR1 = 1; // START Timer1
0049 D28E       640            setb    _TR1
004B            641   ;        C:\Users\ethan\OneDrive - UBC\Desktop\Lab5\zero cross detection.c:79: TI = 1;  // Indicate TX0 ready
004B D299       642            setb    _TI
004D            643   ;        C:\Users\ethan\OneDrive - UBC\Desktop\Lab5\zero cross detection.c:81: return 0;
004D 758200     644            mov     dpl,#0x00
0050 22         645            ret
0051            646   ;------------------------------------------------------------
0051            647   ;Allocation info for local variables in function 'InitADC'
0051            648   ;------------------------------------------------------------
0051            649   ;------------------------------------------------------------
0051            650   ;        C:\Users\ethan\OneDrive - UBC\Desktop\Lab5\zero cross detection.c:84: void InitADC (void)
0051            651   ;        -----------------------------------------
0051            652   ;         function InitADC
0051            653   ;        -----------------------------------------
0051            654   _InitADC:
0051            655   ;        C:\Users\ethan\OneDrive - UBC\Desktop\Lab5\zero cross detection.c:86: SFRPAGE = 0x00;
0051 75A700     656            mov     _SFRPAGE,#0x00
0054            657   ;        C:\Users\ethan\OneDrive - UBC\Desktop\Lab5\zero cross detection.c:87: ADEN=0; // Disable ADC
0054 C2EF       658            clr     _ADEN
0056            659   ;        C:\Users\ethan\OneDrive - UBC\Desktop\Lab5\zero cross detection.c:92: (0x0 << 0) ; // Accumulate n conversions: 0x0: 1, 0x1:4, 0x2:8, 0x3:16, 0x4:32
0056 75B280     660            mov     _ADC0CN1,#0x80
0059            661   ;        C:\Users\ethan\OneDrive - UBC\Desktop\Lab5\zero cross detection.c:96: (0x0 << 2); // 0:SYSCLK ADCCLK = SYSCLK. 1:HFOSC0 ADCCLK = HFOSC0.
0059 75BC20     662            mov     _ADC0CF0,#0x20
005C            663   ;        C:\Users\ethan\OneDrive - UBC\Desktop\Lab5\zero cross detection.c:100: (0x1E << 0); // Conversion Tracking Time. Tadtk = ADTK / (Fsarclk)
005C 75B91E     664            mov     _ADC0CF1,#0x1E
005F            665   ;        C:\Users\ethan\OneDrive - UBC\Desktop\Lab5\zero cross detection.c:109: (0x0 << 0) ; // TEMPE. 0: Disable the Temperature Sensor. 1: Enable the Temperature Sensor.
005F 75E800     666            mov     _ADC0CN0,#0x00
0062            667   ;        C:\Users\ethan\OneDrive - UBC\Desktop\Lab5\zero cross detection.c:114: (0x1F << 0); // ADPWR. Power Up Delay Time. Tpwrtime = ((4 * (ADPWR + 1)) + 2) / (Fadcclk)
0062 75DF3F     668            mov     _ADC0CF2,#0x3F
0065            669   ;        C:\Users\ethan\OneDrive - UBC\Desktop\Lab5\zero cross detection.c:118: (0x0 << 0) ; // ADCM. 0x0: ADBUSY, 0x1: TIMER0, 0x2: TIMER2, 0x3: TIMER3, 0x4: CNVSTR, 0x5: CEX5, 0x6: TIMER4, 0x7: TIMER5, 0x8: CLU0, 0x9: CLU1, 0xA: CLU2, 0xB: CLU3
0065 75B300     670            mov     _ADC0CN2,#0x00
0068            671   ;        C:\Users\ethan\OneDrive - UBC\Desktop\Lab5\zero cross detection.c:120: ADEN=1; // Enable ADC
0068 D2EF       672            setb    _ADEN
006A 22         673            ret
006B            674   ;------------------------------------------------------------
006B            675   ;Allocation info for local variables in function 'Timer3us'
006B            676   ;------------------------------------------------------------
006B            677   ;us                        Allocated to registers r2 
006B            678   ;i                         Allocated to registers r3 
006B            679   ;------------------------------------------------------------
006B            680   ;        C:\Users\ethan\OneDrive - UBC\Desktop\Lab5\zero cross detection.c:124: void Timer3us(unsigned char us)
006B            681   ;        -----------------------------------------
006B            682   ;         function Timer3us
006B            683   ;        -----------------------------------------
006B            684   _Timer3us:
006B AA82       685            mov     r2,dpl
006D            686   ;        C:\Users\ethan\OneDrive - UBC\Desktop\Lab5\zero cross detection.c:129: CKCON0|=0b_0100_0000;
006D 438E40     687            orl     _CKCON0,#0x40
0070            688   ;        C:\Users\ethan\OneDrive - UBC\Desktop\Lab5\zero cross detection.c:131: TMR3RL = (-(SYSCLK)/1000000L); // Set Timer3 to overflow in 1us.
0070 7592B8     689            mov     _TMR3RL,#0xB8
0073 7593FF     690            mov     (_TMR3RL >> 8),#0xFF
0076            691   ;        C:\Users\ethan\OneDrive - UBC\Desktop\Lab5\zero cross detection.c:132: TMR3 = TMR3RL;                 // Initialize Timer3 for first overflow
0076 859294     692            mov     _TMR3,_TMR3RL
0079 859395     693            mov     (_TMR3 >> 8),(_TMR3RL >> 8)
007C            694   ;        C:\Users\ethan\OneDrive - UBC\Desktop\Lab5\zero cross detection.c:134: TMR3CN0 = 0x04;                 // Sart Timer3 and clear overflow flag
007C 759104     695            mov     _TMR3CN0,#0x04
007F            696   ;        C:\Users\ethan\OneDrive - UBC\Desktop\Lab5\zero cross detection.c:135: for (i = 0; i < us; i++)       // Count <us> overflows
007F 7B00       697            mov     r3,#0x00
0081            698   L004004?:
0081 C3         699            clr     c
0082 EB         700            mov     a,r3
0083 9A         701            subb    a,r2
0084 5000       702            jnc     L004007?
0086            703   ;        C:\Users\ethan\OneDrive - UBC\Desktop\Lab5\zero cross detection.c:137: while (!(TMR3CN0 & 0x80));  // Wait for overflow
0086            704   L004001?:
0086 E591       705            mov     a,_TMR3CN0
0088 30E708     706            jnb     acc.7,L004001?
008B            707   ;        C:\Users\ethan\OneDrive - UBC\Desktop\Lab5\zero cross detection.c:138: TMR3CN0 &= ~(0x80);         // Clear overflow indicator
008B 53917F     708            anl     _TMR3CN0,#0x7F
008E            709   ;        C:\Users\ethan\OneDrive - UBC\Desktop\Lab5\zero cross detection.c:135: for (i = 0; i < us; i++)       // Count <us> overflows
008E 0B         710            inc     r3
008F 8000       711            sjmp    L004004?
0091            712   L004007?:
0091            713   ;        C:\Users\ethan\OneDrive - UBC\Desktop\Lab5\zero cross detection.c:140: TMR3CN0 = 0 ;                   // Stop Timer3 and clear overflow flag
0091 759100     714            mov     _TMR3CN0,#0x00
0094 22         715            ret
0095            716   ;------------------------------------------------------------
0095            717   ;Allocation info for local variables in function 'waitms'
0095            718   ;------------------------------------------------------------
0095            719   ;ms                        Allocated to registers r2 r3 
0095            720   ;j                         Allocated to registers r4 r5 
0095            721   ;k                         Allocated to registers r6 
0095            722   ;------------------------------------------------------------
0095            723   ;        C:\Users\ethan\OneDrive - UBC\Desktop\Lab5\zero cross detection.c:143: void waitms (unsigned int ms)
0095            724   ;        -----------------------------------------
0095            725   ;         function waitms
0095            726   ;        -----------------------------------------
0095            727   _waitms:
0095 AA82       728            mov     r2,dpl
0097 AB83       729            mov     r3,dph
0099            730   ;        C:\Users\ethan\OneDrive - UBC\Desktop\Lab5\zero cross detection.c:147: for(j=0; j<ms; j++)
0099 7C00       731            mov     r4,#0x00
009B 7D00       732            mov     r5,#0x00
009D            733   L005005?:
009D C3         734            clr     c
009E EC         735            mov     a,r4
009F 9A         736            subb    a,r2
00A0 ED         737            mov     a,r5
00A1 9B         738            subb    a,r3
00A2 5000       739            jnc     L005009?
00A4            740   ;        C:\Users\ethan\OneDrive - UBC\Desktop\Lab5\zero cross detection.c:148: for (k=0; k<4; k++) Timer3us(250);
00A4 7E00       741            mov     r6,#0x00
00A6            742   L005001?:
00A6 BE0448     743            cjne    r6,#0x04,L005018?
00A9            744   L005018?:
00A9 5000       745            jnc     L005007?
00AB 7582FA     746            mov     dpl,#0xFA
00AE C002       747            push    ar2
00B0 C003       748            push    ar3
00B2 C004       749            push    ar4
00B4 C005       750            push    ar5
00B6 C006       751            push    ar6
00B8 120000     752            lcall   _Timer3us
00BB D006       753            pop     ar6
00BD D005       754            pop     ar5
00BF D004       755            pop     ar4
00C1 D003       756            pop     ar3
00C3 D002       757            pop     ar2
00C5 0E         758            inc     r6
00C6 8000       759            sjmp    L005001?
00C8            760   L005007?:
00C8            761   ;        C:\Users\ethan\OneDrive - UBC\Desktop\Lab5\zero cross detection.c:147: for(j=0; j<ms; j++)
00C8 0C         762            inc     r4
00C9 BC0088     763            cjne    r4,#0x00,L005005?
00CC 0D         764            inc     r5
00CD 8000       765            sjmp    L005005?
00CF            766   L005009?:
00CF 22         767            ret
00D0            768   ;------------------------------------------------------------
00D0            769   ;Allocation info for local variables in function 'InitPinADC'
00D0            770   ;------------------------------------------------------------
00D0            771   ;pinno                     Allocated with name '_InitPinADC_PARM_2'
00D0            772   ;portno                    Allocated to registers r2 
00D0            773   ;mask                      Allocated to registers r3 
00D0            774   ;------------------------------------------------------------
00D0            775   ;        C:\Users\ethan\OneDrive - UBC\Desktop\Lab5\zero cross detection.c:153: void InitPinADC (unsigned char portno, unsigned char pinno)
00D0            776   ;        -----------------------------------------
00D0            777   ;         function InitPinADC
00D0            778   ;        -----------------------------------------
00D0            779   _InitPinADC:
00D0 AA82       780            mov     r2,dpl
00D2            781   ;        C:\Users\ethan\OneDrive - UBC\Desktop\Lab5\zero cross detection.c:157: mask=1<<pinno;
00D2 8530F0     782            mov     b,_InitPinADC_PARM_2
00D5 05F0       783            inc     b
00D7 7401       784            mov     a,#0x01
00D9 8000       785            sjmp    L006013?
00DB            786   L006011?:
00DB 25E0       787            add     a,acc
00DD            788   L006013?:
00DD D5F048     789            djnz    b,L006011?
00E0 FB         790            mov     r3,a
00E1            791   ;        C:\Users\ethan\OneDrive - UBC\Desktop\Lab5\zero cross detection.c:159: SFRPAGE = 0x20;
00E1 75A720     792            mov     _SFRPAGE,#0x20
00E4            793   ;        C:\Users\ethan\OneDrive - UBC\Desktop\Lab5\zero cross detection.c:160: switch (portno)
00E4 BA0088     794            cjne    r2,#0x00,L006014?
00E7 8000       795            sjmp    L006001?
00E9            796   L006014?:
00E9 BA0108     797            cjne    r2,#0x01,L006015?
00EC 8000       798            sjmp    L006002?
00EE            799   L006015?:
00EE            800   ;        C:\Users\ethan\OneDrive - UBC\Desktop\Lab5\zero cross detection.c:162: case 0:
00EE BA0288     801            cjne    r2,#0x02,L006005?
00F1 8000       802            sjmp    L006003?
00F3            803   L006001?:
00F3            804   ;        C:\Users\ethan\OneDrive - UBC\Desktop\Lab5\zero cross detection.c:163: P0MDIN &= (~mask); // Set pin as analog input
00F3 EB         805            mov     a,r3
00F4 F4         806            cpl     a
00F5 FA         807            mov     r2,a
00F6 52F1       808            anl     _P0MDIN,a
00F8            809   ;        C:\Users\ethan\OneDrive - UBC\Desktop\Lab5\zero cross detection.c:164: P0SKIP |= mask; // Skip Crossbar decoding for this pin
00F8 EB         810            mov     a,r3
00F9 42D4       811            orl     _P0SKIP,a
00FB            812   ;        C:\Users\ethan\OneDrive - UBC\Desktop\Lab5\zero cross detection.c:165: break;
00FB            813   ;        C:\Users\ethan\OneDrive - UBC\Desktop\Lab5\zero cross detection.c:166: case 1:
00FB 8000       814            sjmp    L006005?
00FD            815   L006002?:
00FD            816   ;        C:\Users\ethan\OneDrive - UBC\Desktop\Lab5\zero cross detection.c:167: P1MDIN &= (~mask); // Set pin as analog input
00FD EB         817            mov     a,r3
00FE F4         818            cpl     a
00FF FA         819            mov     r2,a
0100 52F2       820            anl     _P1MDIN,a
0102            821   ;        C:\Users\ethan\OneDrive - UBC\Desktop\Lab5\zero cross detection.c:168: P1SKIP |= mask; // Skip Crossbar decoding for this pin
0102 EB         822            mov     a,r3
0103 42D5       823            orl     _P1SKIP,a
0105            824   ;        C:\Users\ethan\OneDrive - UBC\Desktop\Lab5\zero cross detection.c:169: break;
0105            825   ;        C:\Users\ethan\OneDrive - UBC\Desktop\Lab5\zero cross detection.c:170: case 2:
0105 8000       826            sjmp    L006005?
0107            827   L006003?:
0107            828   ;        C:\Users\ethan\OneDrive - UBC\Desktop\Lab5\zero cross detection.c:171: P2MDIN &= (~mask); // Set pin as analog input
0107 EB         829            mov     a,r3
0108 F4         830            cpl     a
0109 FA         831            mov     r2,a
010A 52F3       832            anl     _P2MDIN,a
010C            833   ;        C:\Users\ethan\OneDrive - UBC\Desktop\Lab5\zero cross detection.c:172: P2SKIP |= mask; // Skip Crossbar decoding for this pin
010C EB         834            mov     a,r3
010D 42CC       835            orl     _P2SKIP,a
010F            836   ;        C:\Users\ethan\OneDrive - UBC\Desktop\Lab5\zero cross detection.c:176: }
010F            837   L006005?:
010F            838   ;        C:\Users\ethan\OneDrive - UBC\Desktop\Lab5\zero cross detection.c:177: SFRPAGE = 0x00;
010F 75A700     839            mov     _SFRPAGE,#0x00
0112 22         840            ret
0113            841   ;------------------------------------------------------------
0113            842   ;Allocation info for local variables in function 'ADC_at_Pin'
0113            843   ;------------------------------------------------------------
0113            844   ;pin                       Allocated to registers 
0113            845   ;------------------------------------------------------------
0113            846   ;        C:\Users\ethan\OneDrive - UBC\Desktop\Lab5\zero cross detection.c:180: unsigned int ADC_at_Pin(unsigned char pin)
0113            847   ;        -----------------------------------------
0113            848   ;         function ADC_at_Pin
0113            849   ;        -----------------------------------------
0113            850   _ADC_at_Pin:
0113 8582BB     851            mov     _ADC0MX,dpl
0116            852   ;        C:\Users\ethan\OneDrive - UBC\Desktop\Lab5\zero cross detection.c:183: ADINT = 0;
0116 C2ED       853            clr     _ADINT
0118            854   ;        C:\Users\ethan\OneDrive - UBC\Desktop\Lab5\zero cross detection.c:184: ADBUSY = 1;     // Convert voltage at the pin
0118 D2EC       855            setb    _ADBUSY
011A            856   ;        C:\Users\ethan\OneDrive - UBC\Desktop\Lab5\zero cross detection.c:185: while (!ADINT); // Wait for conversion to complete
011A            857   L007001?:
011A 30ED08     858            jnb     _ADINT,L007001?
011D            859   ;        C:\Users\ethan\OneDrive - UBC\Desktop\Lab5\zero cross detection.c:186: return (ADC0);
011D 85BD82     860            mov     dpl,_ADC0
0120 85BE83     861            mov     dph,(_ADC0 >> 8)
0123 22         862            ret
0124            863   ;------------------------------------------------------------
0124            864   ;Allocation info for local variables in function 'Volts_at_Pin'
0124            865   ;------------------------------------------------------------
0124            866   ;pin                       Allocated to registers r2 
0124            867   ;------------------------------------------------------------
0124            868   ;        C:\Users\ethan\OneDrive - UBC\Desktop\Lab5\zero cross detection.c:197: float Volts_at_Pin(unsigned char pin)
0124            869   ;        -----------------------------------------
0124            870   ;         function Volts_at_Pin
0124            871   ;        -----------------------------------------
0124            872   _Volts_at_Pin:
0124            873   ;        C:\Users\ethan\OneDrive - UBC\Desktop\Lab5\zero cross detection.c:199: return ((ADC_at_Pin(pin)*VDD)/0b_0011_1111_1111_1111);
0124 120000     874            lcall   _ADC_at_Pin
0127 120000     875            lcall   ___uint2fs
012A AA82       876            mov     r2,dpl
012C AB83       877            mov     r3,dph
012E ACF0       878            mov     r4,b
0130 FD         879            mov     r5,a
0131 C002       880            push    ar2
0133 C003       881            push    ar3
0135 C004       882            push    ar4
0137 C005       883            push    ar5
0139 90923A     884            mov     dptr,#0x923A
013C 75F053     885            mov     b,#0x53
013F 7440       886            mov     a,#0x40
0141 120000     887            lcall   ___fsmul
0144 AA82       888            mov     r2,dpl
0146 AB83       889            mov     r3,dph
0148 ACF0       890            mov     r4,b
014A FD         891            mov     r5,a
014B E581       892            mov     a,sp
014D 24FC       893            add     a,#0xfc
014F F581       894            mov     sp,a
0151 E4         895            clr     a
0152 C0E0       896            push    acc
0154 74FC       897            mov     a,#0xFC
0156 C0E0       898            push    acc
0158 747F       899            mov     a,#0x7F
015A C0E0       900            push    acc
015C 7446       901            mov     a,#0x46
015E C0E0       902            push    acc
0160 8A82       903            mov     dpl,r2
0162 8B83       904            mov     dph,r3
0164 8CF0       905            mov     b,r4
0166 ED         906            mov     a,r5
0167 120000     907            lcall   ___fsdiv
016A AA82       908            mov     r2,dpl
016C AB83       909            mov     r3,dph
016E ACF0       910            mov     r4,b
0170 FD         911            mov     r5,a
0171 E581       912            mov     a,sp
0173 24FC       913            add     a,#0xfc
0175 F581       914            mov     sp,a
0177 8A82       915            mov     dpl,r2
0179 8B83       916            mov     dph,r3
017B 8CF0       917            mov     b,r4
017D ED         918            mov     a,r5
017E 22         919            ret
017F            920   ;------------------------------------------------------------
017F            921   ;Allocation info for local variables in function 'TIMER0_Init'
017F            922   ;------------------------------------------------------------
017F            923   ;------------------------------------------------------------
017F            924   ;        C:\Users\ethan\OneDrive - UBC\Desktop\Lab5\zero cross detection.c:202: void TIMER0_Init(void)
017F            925   ;        -----------------------------------------
017F            926   ;         function TIMER0_Init
017F            927   ;        -----------------------------------------
017F            928   _TIMER0_Init:
017F            929   ;        C:\Users\ethan\OneDrive - UBC\Desktop\Lab5\zero cross detection.c:204: TMOD&=0b_1111_0000; // Set the bits of Timer/Counter 0 to zero
017F 5389F0     930            anl     _TMOD,#0xF0
0182            931   ;        C:\Users\ethan\OneDrive - UBC\Desktop\Lab5\zero cross detection.c:205: TMOD|=0b_0000_0001; // Timer/Counter 0 used as a 16-bit counter
0182 438901     932            orl     _TMOD,#0x01
0185            933   ;        C:\Users\ethan\OneDrive - UBC\Desktop\Lab5\zero cross detection.c:206: TR0=0; // Stop Timer/Counter 0
0185 C28C       934            clr     _TR0
0187 22         935            ret
0188            936   ;------------------------------------------------------------
0188            937   ;Allocation info for local variables in function 'main'
0188            938   ;------------------------------------------------------------
0188            939   ;period                    Allocated with name '_main_period_1_61'
0188            940   ;Phase_Shift               Allocated with name '_main_Phase_Shift_1_61'
0188            941   ;time_difference           Allocated with name '_main_time_difference_1_61'
0188            942   ;------------------------------------------------------------
0188            943   ;        C:\Users\ethan\OneDrive - UBC\Desktop\Lab5\zero cross detection.c:215: void main (void)
0188            944   ;        -----------------------------------------
0188            945   ;         function main
0188            946   ;        -----------------------------------------
0188            947   _main:
0188            948   ;        C:\Users\ethan\OneDrive - UBC\Desktop\Lab5\zero cross detection.c:221: TIMER0_Init();
0188 120000     949            lcall   _TIMER0_Init
018B            950   ;        C:\Users\ethan\OneDrive - UBC\Desktop\Lab5\zero cross detection.c:223: waitms(500); // Give PuTTy a chance to start before sending
018B 9001F4     951            mov     dptr,#0x01F4
018E 120000     952            lcall   _waitms
0191            953   ;        C:\Users\ethan\OneDrive - UBC\Desktop\Lab5\zero cross detection.c:224: printf("\x1b[2J"); // Clear screen using ANSI escape sequence.
0191 7448       954            mov     a,#__str_0
0193 C0E0       955            push    acc
0195 74BD       956            mov     a,#(__str_0 >> 8)
0197 C0E0       957            push    acc
0199 7480       958            mov     a,#0x80
019B C0E0       959            push    acc
019D 120000     960            lcall   _printf
01A0 1581       961            dec     sp
01A2 1581       962            dec     sp
01A4 1581       963            dec     sp
01A6            964   ;        C:\Users\ethan\OneDrive - UBC\Desktop\Lab5\zero cross detection.c:229: __FILE__, __DATE__, __TIME__);
01A6            965   ;        C:\Users\ethan\OneDrive - UBC\Desktop\Lab5\zero cross detection.c:228: "Compiled: %s, %s\n\n",
01A6 74C8       966            mov     a,#__str_4
01A8 C0E0       967            push    acc
01AA 74BD       968            mov     a,#(__str_4 >> 8)
01AC C0E0       969            push    acc
01AE 7480       970            mov     a,#0x80
01B0 C0E0       971            push    acc
01B2 7408       972            mov     a,#__str_3
01B4 C0E0       973            push    acc
01B6 74BE       974            mov     a,#(__str_3 >> 8)
01B8 C0E0       975            push    acc
01BA 7480       976            mov     a,#0x80
01BC C0E0       977            push    acc
01BE 7448       978            mov     a,#__str_2
01C0 C0E0       979            push    acc
01C2 74BE       980            mov     a,#(__str_2 >> 8)
01C4 C0E0       981            push    acc
01C6 7480       982            mov     a,#0x80
01C8 C0E0       983            push    acc
01CA 7488       984            mov     a,#__str_1
01CC C0E0       985            push    acc
01CE 74BE       986            mov     a,#(__str_1 >> 8)
01D0 C0E0       987            push    acc
01D2 7480       988            mov     a,#0x80
01D4 C0E0       989            push    acc
01D6 120000     990            lcall   _printf
01D9 E581       991            mov     a,sp
01DB 24F4       992            add     a,#0xf4
01DD F581       993            mov     sp,a
01DF            994   ;        C:\Users\ethan\OneDrive - UBC\Desktop\Lab5\zero cross detection.c:231: InitPinADC(2, 1); // Configure P2.1 as analog input
01DF 753001     995            mov     _InitPinADC_PARM_2,#0x01
01E2 758202     996            mov     dpl,#0x02
01E5 120000     997            lcall   _InitPinADC
01E8            998   ;        C:\Users\ethan\OneDrive - UBC\Desktop\Lab5\zero cross detection.c:232: InitPinADC(2, 2); // Configure P2.2 as analog input
01E8 753002     999            mov     _InitPinADC_PARM_2,#0x02
01EB 758202    1000            mov     dpl,#0x02
01EE 120000    1001            lcall   _InitPinADC
01F1           1002   ;        C:\Users\ethan\OneDrive - UBC\Desktop\Lab5\zero cross detection.c:234: InitADC();
01F1 120000    1003            lcall   _InitADC
01F4           1004   ;        C:\Users\ethan\OneDrive - UBC\Desktop\Lab5\zero cross detection.c:239: while (Volts_at_Pin(QFP32_MUX_P2_2) > 0){ // Wait for reference signal to be zer
01F4           1005   L010001?:
01F4 75820F    1006            mov     dpl,#0x0F
01F7 120000    1007            lcall   _Volts_at_Pin
01FA AA82      1008            mov     r2,dpl
01FC AB83      1009            mov     r3,dph
01FE ACF0      1010            mov     r4,b
0200 FD        1011            mov     r5,a
0201 E4        1012            clr     a
0202 C0E0      1013            push    acc
0204 C0E0      1014            push    acc
0206 C0E0      1015            push    acc
0208 C0E0      1016            push    acc
020A 8A82      1017            mov     dpl,r2
020C 8B83      1018            mov     dph,r3
020E 8CF0      1019            mov     b,r4
0210 ED        1020            mov     a,r5
0211 120000    1021            lcall   ___fsgt
0214 AA82      1022            mov     r2,dpl
0216 E581      1023            mov     a,sp
0218 24FC      1024            add     a,#0xfc
021A F581      1025            mov     sp,a
021C EA        1026            mov     a,r2
021D 6000      1027            jz      L010003?
021F           1028   ;        C:\Users\ethan\OneDrive - UBC\Desktop\Lab5\zero cross detection.c:240: printf("V@P2.2:%f\r", Volts_at_Pin(QFP32_MUX_P2_2));
021F 75820F    1029            mov     dpl,#0x0F
0222 120000    1030            lcall   _Volts_at_Pin
0225 AA82      1031            mov     r2,dpl
0227 AB83      1032            mov     r3,dph
0229 ACF0      1033            mov     r4,b
022B FD        1034            mov     r5,a
022C C002      1035            push    ar2
022E C003      1036            push    ar3
0230 C004      1037            push    ar4
0232 C005      1038            push    ar5
0234 7488      1039            mov     a,#__str_5
0236 C0E0      1040            push    acc
0238 74BF      1041            mov     a,#(__str_5 >> 8)
023A C0E0      1042            push    acc
023C 7480      1043            mov     a,#0x80
023E C0E0      1044            push    acc
0240 120000    1045            lcall   _printf
0243 E581      1046            mov     a,sp
0245 24F9      1047            add     a,#0xf9
0247 F581      1048            mov     sp,a
0249 8000      1049            sjmp    L010001?
024B           1050   L010003?:
024B           1051   ;        C:\Users\ethan\OneDrive - UBC\Desktop\Lab5\zero cross detection.c:242: P3_2=1; //set pin high for testing)
024B D2B2      1052            setb    _P3_2
024D           1053   ;        C:\Users\ethan\OneDrive - UBC\Desktop\Lab5\zero cross detection.c:243: printf("\n");
024D 74C8      1054            mov     a,#__str_6
024F C0E0      1055            push    acc
0251 74BF      1056            mov     a,#(__str_6 >> 8)
0253 C0E0      1057            push    acc
0255 7480      1058            mov     a,#0x80
0257 C0E0      1059            push    acc
0259 120000    1060            lcall   _printf
025C 1581      1061            dec     sp
025E 1581      1062            dec     sp
0260 1581      1063            dec     sp
0262           1064   ;        C:\Users\ethan\OneDrive - UBC\Desktop\Lab5\zero cross detection.c:246: while (Volts_at_Pin(QFP32_MUX_P2_2) > 0){
0262           1065   L010004?:
0262 75820F    1066            mov     dpl,#0x0F
0265 120000    1067            lcall   _Volts_at_Pin
0268 AA82      1068            mov     r2,dpl
026A AB83      1069            mov     r3,dph
026C ACF0      1070            mov     r4,b
026E FD        1071            mov     r5,a
026F E4        1072            clr     a
0270 C0E0      1073            push    acc
0272 C0E0      1074            push    acc
0274 C0E0      1075            push    acc
0276 C0E0      1076            push    acc
0278 8A82      1077            mov     dpl,r2
027A 8B83      1078            mov     dph,r3
027C 8CF0      1079            mov     b,r4
027E ED        1080            mov     a,r5
027F 120000    1081            lcall   ___fsgt
0282 AA82      1082            mov     r2,dpl
0284 E581      1083            mov     a,sp
0286 24FC      1084            add     a,#0xfc
0288 F581      1085            mov     sp,a
028A EA        1086            mov     a,r2
028B 6000      1087            jz      L010006?
028D           1088   ;        C:\Users\ethan\OneDrive - UBC\Desktop\Lab5\zero cross detection.c:247: printf("V@P2.1:%f\r", Volts_at_Pin(QFP32_MUX_P2_1));
028D 75820E    1089            mov     dpl,#0x0E
0290 120000    1090            lcall   _Volts_at_Pin
0293 AA82      1091            mov     r2,dpl
0295 AB83      1092            mov     r3,dph
0297 ACF0      1093            mov     r4,b
0299 FD        1094            mov     r5,a
029A C002      1095            push    ar2
029C C003      1096            push    ar3
029E C004      1097            push    ar4
02A0 C005      1098            push    ar5
02A2 7488      1099            mov     a,#__str_7
02A4 C0E0      1100            push    acc
02A6 74C0      1101            mov     a,#(__str_7 >> 8)
02A8 C0E0      1102            push    acc
02AA 7480      1103            mov     a,#0x80
02AC C0E0      1104            push    acc
02AE 120000    1105            lcall   _printf
02B1 E581      1106            mov     a,sp
02B3 24F9      1107            add     a,#0xf9
02B5 F581      1108            mov     sp,a
02B7 8000      1109            sjmp    L010004?
02B9           1110   L010006?:
02B9           1111   ;        C:\Users\ethan\OneDrive - UBC\Desktop\Lab5\zero cross detection.c:249: P3_2=0;
02B9 C2B2      1112            clr     _P3_2
02BB           1113   ;        C:\Users\ethan\OneDrive - UBC\Desktop\Lab5\zero cross detection.c:250: printf("\n");
02BB 74C8      1114            mov     a,#__str_6
02BD C0E0      1115            push    acc
02BF 74BF      1116            mov     a,#(__str_6 >> 8)
02C1 C0E0      1117            push    acc
02C3 7480      1118            mov     a,#0x80
02C5 C0E0      1119            push    acc
02C7 120000    1120            lcall   _printf
02CA 1581      1121            dec     sp
02CC 1581      1122            dec     sp
02CE 1581      1123            dec     sp
02D0 020000    1124            ljmp    L010001?
02D3           1125            rseg R_CSEG
02D3           1126   
0000           1127            rseg R_XINIT
0000           1128   
0000           1129            rseg R_CONST
0000           1130   __str_0:
0000 1B        1131            db 0x1B
0001 5B324A    1132            db '[2J'
0004 00        1133            db 0x00
0005           1134   __str_1:
0005 41444320  1135            db 'ADC test program'
     74657374
     2070726F
     6772616D
0015 0A        1136            db 0x0A
0016 46696C65  1137            db 'File: %s'
     3A202573
001E 0A        1138            db 0x0A
001F 436F6D70  1139            db 'Compiled: %s, %s'
     696C6564
     3A202573
     2C202573
002F 0A        1140            db 0x0A
0030 0A        1141            db 0x0A
0031 00        1142            db 0x00
0032           1143   __str_2:
0032 433A      1144            db 'C:'
0034 5C        1145            db 0x5C
0035 55736572  1146            db 'Users'
     73
003A 5C        1147            db 0x5C
003B 65746861  1148            db 'ethan'
     6E
0040 5C        1149            db 0x5C
0041 4F6E6544  1150            db 'OneDrive - UBC'
     72697665
     202D2055
     4243
004F 5C        1151            db 0x5C
0050 4465736B  1152            db 'Desktop'
     746F70
0057 5C        1153            db 0x5C
0058 4C616235  1154            db 'Lab5'
005C 5C        1155            db 0x5C
005D 7A65726F  1156            db 'zero cross detect'
     2063726F
     73732064
     65746563
     74
006E 696F6E2E  1157            db 'ion.c'
     63
0073 00        1158            db 0x00
0074           1159   __str_3:
0074 4D617220  1160            db 'Mar  6 2024'
     20362032
     303234
007F 00        1161            db 0x00
0080           1162   __str_4:
0080 32303A35  1163            db '20:51:50'
     313A3530
0088 00        1164            db 0x00
0089           1165   __str_5:
0089 56405032  1166            db 'V@P2.2:%f'
     2E323A25
     66
0092 0D        1167            db 0x0D
0093 00        1168            db 0x00
0094           1169   __str_6:
0094 0A        1170            db 0x0A
0095 00        1171            db 0x00
0096           1172   __str_7:
0096 56405032  1173            db 'V@P2.1:%f'
     2E313A25
     66
009F 0D        1174            db 0x0D
00A0 00        1175            db 0x00
00A1           1176   
0003           1177            CSEG
0003           1178   
0003           1179   end
